<?xml version="1.0" encoding="UTF-8"?>
<robot generator="Robot 4.1 (Python 3.9.6 on win32)" generated="20220123 14:44:29.659" rpa="false" schemaversion="2">
<suite id="s1" name="FirstTest" source="C:\development\robot-scripts\Maciej-Test\Tests\SlotSource\FirstTest.robot">
<test id="s1-t1" name="User is able to open SS Ireland website">
<kw name="Given I open a browser" library="common">
<kw name="Open Browser" library="SeleniumLibrary">
<arg>about:blank</arg>
<arg>chrome</arg>
<doc>Opens a new browser instance to the optional ``url``.</doc>
<msg timestamp="20220123 14:44:30.243" level="INFO">Opening browser 'chrome' to base url 'about:blank'.</msg>
<status status="PASS" starttime="20220123 14:44:30.243" endtime="20220123 14:44:32.481"/>
</kw>
<kw name="Maximize Browser Window" library="SeleniumLibrary">
<doc>Maximizes current browser window.</doc>
<status status="PASS" starttime="20220123 14:44:32.482" endtime="20220123 14:44:32.849"/>
</kw>
<status status="PASS" starttime="20220123 14:44:30.243" endtime="20220123 14:44:32.849"/>
</kw>
<kw name="When I navigate to the 'Slotsource Ireland' page" library="navigation_steps" sourcename="I navigate to the ${website} page">
<kw name="Run Keyword If" library="BuiltIn">
<arg>${website}== 'Slotsource UK'</arg>
<arg>Go To Slotsource UK Website</arg>
<arg>ELSE IF</arg>
<arg>${website}== 'Slotsource Ireland'</arg>
<arg>Go To Slotsource Ireland Website</arg>
<arg>ELSE IF</arg>
<arg>${website}== 'Slotsource Free Slots'</arg>
<arg>Go To Slotsource Free Slots Page</arg>
<doc>Runs the given keyword with the given arguments, if ``condition`` is true.</doc>
<kw name="Go To Slotsource Ireland Website" library="navigation_keywords">
<kw name="Go To" library="SeleniumLibrary">
<arg>http://www.slotsource.ie</arg>
<doc>Navigates the current browser window to the provided ``url``.</doc>
<msg timestamp="20220123 14:44:32.865" level="INFO">Opening url 'http://www.slotsource.ie'</msg>
<status status="PASS" starttime="20220123 14:44:32.865" endtime="20220123 14:44:37.451"/>
</kw>
<status status="PASS" starttime="20220123 14:44:32.849" endtime="20220123 14:44:37.451"/>
</kw>
<status status="PASS" starttime="20220123 14:44:32.849" endtime="20220123 14:44:37.452"/>
</kw>
<status status="PASS" starttime="20220123 14:44:32.849" endtime="20220123 14:44:37.452"/>
</kw>
<kw name="Then I should see the page title Best Online Slots 2022 | Top Online Casino Slots Ireland" library="assertion_steps" sourcename="I should see the page title ${title}">
<kw name="Assert ${title} Exists" library="assertion_keywords" sourcename="Assert ${title} Exists">
<kw name="Title Should Be" library="SeleniumLibrary">
<arg>${title}</arg>
<doc>Verifies that the current page title equals ``title``.</doc>
<msg timestamp="20220123 14:44:37.641" level="INFO">Page title is 'Best Online Slots 2022 | Top Online Casino Slots Ireland'.</msg>
<status status="PASS" starttime="20220123 14:44:37.455" endtime="20220123 14:44:37.641"/>
</kw>
<status status="PASS" starttime="20220123 14:44:37.454" endtime="20220123 14:44:37.642"/>
</kw>
<status status="PASS" starttime="20220123 14:44:37.453" endtime="20220123 14:44:37.642"/>
</kw>
<kw name="And I close the browser" library="common">
<kw name="Close Browser" library="SeleniumLibrary">
<doc>Closes the current browser.</doc>
<status status="PASS" starttime="20220123 14:44:38.055" endtime="20220123 14:44:42.153"/>
</kw>
<kw name="Log" library="BuiltIn">
<arg>Test Complete</arg>
<doc>Logs the given message with the given level.</doc>
<msg timestamp="20220123 14:44:42.153" level="INFO">Test Complete</msg>
<status status="PASS" starttime="20220123 14:44:42.153" endtime="20220123 14:44:42.153"/>
</kw>
<status status="PASS" starttime="20220123 14:44:38.055" endtime="20220123 14:44:42.153"/>
</kw>
<tag>User is able to open SS Ireland website</tag>
<status status="PASS" starttime="20220123 14:44:30.243" endtime="20220123 14:44:42.153"/>
</test>
<test id="s1-t2" name="User is able search for Peaky Blinders on the Free Slots page">
<kw name="Given I open a browser" library="common">
<kw name="Open Browser" library="SeleniumLibrary">
<arg>about:blank</arg>
<arg>chrome</arg>
<doc>Opens a new browser instance to the optional ``url``.</doc>
<msg timestamp="20220123 14:44:42.153" level="INFO">Opening browser 'chrome' to base url 'about:blank'.</msg>
<status status="PASS" starttime="20220123 14:44:42.153" endtime="20220123 14:44:44.172"/>
</kw>
<kw name="Maximize Browser Window" library="SeleniumLibrary">
<doc>Maximizes current browser window.</doc>
<status status="PASS" starttime="20220123 14:44:44.173" endtime="20220123 14:44:44.397"/>
</kw>
<status status="PASS" starttime="20220123 14:44:42.153" endtime="20220123 14:44:44.397"/>
</kw>
<kw name="And I navigate to the 'Slotsource Free Slots' page" library="navigation_steps" sourcename="I navigate to the ${website} page">
<kw name="Run Keyword If" library="BuiltIn">
<arg>${website}== 'Slotsource UK'</arg>
<arg>Go To Slotsource UK Website</arg>
<arg>ELSE IF</arg>
<arg>${website}== 'Slotsource Ireland'</arg>
<arg>Go To Slotsource Ireland Website</arg>
<arg>ELSE IF</arg>
<arg>${website}== 'Slotsource Free Slots'</arg>
<arg>Go To Slotsource Free Slots Page</arg>
<doc>Runs the given keyword with the given arguments, if ``condition`` is true.</doc>
<kw name="Go To Slotsource Free Slots Page" library="navigation_keywords">
<kw name="Go To" library="SeleniumLibrary">
<arg>http://www.slotsource.ie/free-slots</arg>
<doc>Navigates the current browser window to the provided ``url``.</doc>
<msg timestamp="20220123 14:44:44.397" level="INFO">Opening url 'http://www.slotsource.ie/free-slots'</msg>
<status status="PASS" starttime="20220123 14:44:44.397" endtime="20220123 14:44:54.858"/>
</kw>
<status status="PASS" starttime="20220123 14:44:44.397" endtime="20220123 14:44:54.859"/>
</kw>
<status status="PASS" starttime="20220123 14:44:44.397" endtime="20220123 14:44:54.859"/>
</kw>
<status status="PASS" starttime="20220123 14:44:44.397" endtime="20220123 14:44:54.859"/>
</kw>
<kw name="When I enter Peaky Blinders into the Free Slots Search Text Box" library="action_steps" sourcename="I enter ${game} into the Free Slots Search Text Box">
<kw name="Enter ${game} into Free Slots Search Text Box" library="action_keywords" sourcename="Enter ${game} into Free Slots Search Text Box">
<kw name="Input Text" library="SeleniumLibrary">
<arg>${free_slot_input_box}</arg>
<arg>${game}</arg>
<doc>Types the given ``text`` into the text field identified by ``locator``.</doc>
<msg timestamp="20220123 14:44:54.863" level="INFO">Typing text 'Peaky Blinders' into text field 'xpath=//*[@class="search"]'.</msg>
<status status="PASS" starttime="20220123 14:44:54.862" endtime="20220123 14:44:57.253"/>
</kw>
<status status="PASS" starttime="20220123 14:44:54.862" endtime="20220123 14:44:57.254"/>
</kw>
<status status="PASS" starttime="20220123 14:44:54.861" endtime="20220123 14:44:57.254"/>
</kw>
<kw name="Then I am able to see the game Peaky Blinders" library="assertion_steps" sourcename="I am able to see the game ${game}">
<kw name="Assert ${game} Is Shown" library="assertion_keywords" sourcename="Assert ${game} Is Shown">
<kw name="Element Text Should Be" library="SeleniumLibrary">
<arg>${slot_title_locator}</arg>
<arg>${game}</arg>
<doc>Verifies that element ``locator`` contains exact the text ``expected``.</doc>
<msg timestamp="20220123 14:44:57.258" level="INFO">Verifying element 'xpath=//span[@class="alphabetical"]' contains exact text 'Peaky Blinders'.</msg>
<status status="PASS" starttime="20220123 14:44:57.257" endtime="20220123 14:44:57.302"/>
</kw>
<status status="PASS" starttime="20220123 14:44:57.257" endtime="20220123 14:44:57.302"/>
</kw>
<status status="PASS" starttime="20220123 14:44:57.256" endtime="20220123 14:44:57.302"/>
</kw>
<kw name="And I close the browser" library="common">
<kw name="Close Browser" library="SeleniumLibrary">
<doc>Closes the current browser.</doc>
<status status="PASS" starttime="20220123 14:44:57.304" endtime="20220123 14:44:59.776"/>
</kw>
<kw name="Log" library="BuiltIn">
<arg>Test Complete</arg>
<doc>Logs the given message with the given level.</doc>
<msg timestamp="20220123 14:44:59.776" level="INFO">Test Complete</msg>
<status status="PASS" starttime="20220123 14:44:59.776" endtime="20220123 14:44:59.776"/>
</kw>
<status status="PASS" starttime="20220123 14:44:57.303" endtime="20220123 14:44:59.776"/>
</kw>
<tag>User is able search for Peaky Blinders on the Free Slots page</tag>
<status status="PASS" starttime="20220123 14:44:42.153" endtime="20220123 14:44:59.776"/>
</test>
<doc>Practice a basic test</doc>
<status status="PASS" starttime="20220123 14:44:29.659" endtime="20220123 14:44:59.776"/>
</suite>
<statistics>
<total>
<stat pass="2" fail="0" skip="0">All Tests</stat>
</total>
<tag>
<stat pass="1" fail="0" skip="0">User is able search for Peaky Blinders on the Free Slots page</stat>
<stat pass="1" fail="0" skip="0">User is able to open SS Ireland website</stat>
</tag>
<suite>
<stat pass="2" fail="0" skip="0" id="s1" name="FirstTest">FirstTest</stat>
</suite>
</statistics>
<errors>
</errors>
</robot>
