<?xml version="1.0" encoding="UTF-8"?>
<robot generator="Robot 4.1 (Python 3.9.6 on win32)" generated="20210814 15:27:04.466" rpa="false" schemaversion="2">
<suite id="s1" name="UICompare" source="C:\development\robot-scripts\Maciej-Test\tests\UICompare">
<suite id="s1-s1" name="ScreenCompare" source="C:\development\robot-scripts\Maciej-Test\tests\UICompare\ScreenCompare.robot">
<test id="s1-s1-t1" name="User is able to compare full screen screenshots of current screen to the baseline version">
<kw name="Given I open a browser" library="common">
<kw name="Open Browser" library="SeleniumLibrary">
<arg>about:blank</arg>
<arg>chrome</arg>
<doc>Opens a new browser instance to the optional ``url``.</doc>
<msg timestamp="20210814 15:27:04.858" level="INFO">Opening browser 'chrome' to base url 'about:blank'.</msg>
<status status="PASS" starttime="20210814 15:27:04.858" endtime="20210814 15:27:06.928"/>
</kw>
<kw name="Maximize Browser Window" library="SeleniumLibrary">
<doc>Maximizes current browser window.</doc>
<status status="PASS" starttime="20210814 15:27:06.928" endtime="20210814 15:27:07.149"/>
</kw>
<status status="PASS" starttime="20210814 15:27:04.858" endtime="20210814 15:27:07.149"/>
</kw>
<kw name="And I navigate to the 'Slotsource Free Slots' page" library="navigation_steps" sourcename="I navigate to the ${website} page">
<kw name="Run Keyword If" library="BuiltIn">
<arg>${website}== 'Slotsource UK'</arg>
<arg>Go To Slotsource UK Website</arg>
<arg>ELSE IF</arg>
<arg>${website}== 'Slotsource Ireland'</arg>
<arg>Go To Slotsource Ireland Website</arg>
<arg>ELSE IF</arg>
<arg>${website}== 'Slotsource Free Slots'</arg>
<arg>Go To Slotsource Free Slots Page</arg>
<doc>Runs the given keyword with the given arguments, if ``condition`` is true.</doc>
<kw name="Go To Slotsource Free Slots Page" library="navigation_keywords">
<kw name="Go To" library="SeleniumLibrary">
<arg>http://www.slotsource.ie/free-slots</arg>
<doc>Navigates the current browser window to the provided ``url``.</doc>
<msg timestamp="20210814 15:27:07.149" level="INFO">Opening url 'http://www.slotsource.ie/free-slots'</msg>
<status status="PASS" starttime="20210814 15:27:07.149" endtime="20210814 15:27:16.927"/>
</kw>
<status status="PASS" starttime="20210814 15:27:07.149" endtime="20210814 15:27:16.927"/>
</kw>
<status status="PASS" starttime="20210814 15:27:07.149" endtime="20210814 15:27:16.927"/>
</kw>
<status status="PASS" starttime="20210814 15:27:07.149" endtime="20210814 15:27:16.927"/>
</kw>
<kw name="When I enter Peaky Blinders into the Free Slots Search Text Box" library="action_steps" sourcename="I enter ${game} into the Free Slots Search Text Box">
<kw name="Enter ${game} into Free Slots Search Text Box" library="action_keywords" sourcename="Enter ${game} into Free Slots Search Text Box">
<kw name="Input Text" library="SeleniumLibrary">
<arg>${free_slot_input_box}</arg>
<arg>${game}</arg>
<doc>Types the given ``text`` into the text field identified by ``locator``.</doc>
<msg timestamp="20210814 15:27:16.931" level="INFO">Typing text 'Peaky Blinders' into text field 'xpath=//*[@class="search"]'.</msg>
<status status="PASS" starttime="20210814 15:27:16.930" endtime="20210814 15:27:18.327"/>
</kw>
<status status="PASS" starttime="20210814 15:27:16.929" endtime="20210814 15:27:18.327"/>
</kw>
<status status="PASS" starttime="20210814 15:27:16.928" endtime="20210814 15:27:18.328"/>
</kw>
<kw name="Then The current screen matches the baseline version" library="assertion_steps">
<kw name="Assert Screenshots" library="assertion_keywords">
<kw name="Execute Javascript" library="SeleniumLibrary">
<arg>document.body.style.zoom="50%"</arg>
<doc>Executes the given JavaScript code with possible arguments.</doc>
<msg timestamp="20210814 15:27:18.334" level="INFO">Executing JavaScript:
document.body.style.zoom="50%"
Without any arguments.</msg>
<status status="PASS" starttime="20210814 15:27:18.330" endtime="20210814 15:27:18.403"/>
</kw>
<kw name="Open Eyes" library="RobotEyes">
<arg>lib=SeleniumLibrary</arg>
<arg>tolerance=5</arg>
<msg timestamp="20210814 15:27:18.411" level="INFO">roboteyestestfolder: User_is_able_to_compare_full_screen_screenshots_of_current_screen_to_the_baseline_version</msg>
<status status="PASS" starttime="20210814 15:27:18.404" endtime="20210814 15:27:18.411"/>
</kw>
<kw name="Capture Full Screen" library="RobotEyes">
<status status="PASS" starttime="20210814 15:27:18.411" endtime="20210814 15:27:18.702"/>
</kw>
<kw name="Compare Images" library="RobotEyes">
<status status="PASS" starttime="20210814 15:27:18.702" endtime="20210814 15:27:18.717"/>
</kw>
<kw name="Close Browser" library="SeleniumLibrary">
<doc>Closes the current browser.</doc>
<status status="PASS" starttime="20210814 15:27:18.717" endtime="20210814 15:27:22.442"/>
</kw>
<status status="PASS" starttime="20210814 15:27:18.330" endtime="20210814 15:27:22.442"/>
</kw>
<status status="PASS" starttime="20210814 15:27:18.329" endtime="20210814 15:27:22.442"/>
</kw>
<kw name="And I close the browser" library="common">
<kw name="Close Browser" library="SeleniumLibrary">
<doc>Closes the current browser.</doc>
<status status="PASS" starttime="20210814 15:27:22.442" endtime="20210814 15:27:22.442"/>
</kw>
<kw name="Log" library="BuiltIn">
<arg>Test Complete</arg>
<doc>Logs the given message with the given level.</doc>
<msg timestamp="20210814 15:27:22.442" level="INFO">Test Complete</msg>
<status status="PASS" starttime="20210814 15:27:22.442" endtime="20210814 15:27:22.442"/>
</kw>
<status status="PASS" starttime="20210814 15:27:22.442" endtime="20210814 15:27:22.442"/>
</kw>
<tag>User is able to compare full screen screenshots of current screen to the baseline version</tag>
<status status="PASS" starttime="20210814 15:27:04.858" endtime="20210814 15:27:22.442"/>
</test>
<test id="s1-s1-t2" name="User is able to compare full screens of Free Slots Licensing Authorities section">
<kw name="Given I open a browser" library="common">
<kw name="Open Browser" library="SeleniumLibrary">
<arg>about:blank</arg>
<arg>chrome</arg>
<doc>Opens a new browser instance to the optional ``url``.</doc>
<msg timestamp="20210814 15:27:22.442" level="INFO">Opening browser 'chrome' to base url 'about:blank'.</msg>
<status status="PASS" starttime="20210814 15:27:22.442" endtime="20210814 15:27:24.700"/>
</kw>
<kw name="Maximize Browser Window" library="SeleniumLibrary">
<doc>Maximizes current browser window.</doc>
<status status="PASS" starttime="20210814 15:27:24.701" endtime="20210814 15:27:25.231"/>
</kw>
<status status="PASS" starttime="20210814 15:27:22.442" endtime="20210814 15:27:25.232"/>
</kw>
<kw name="And I navigate to the 'Slotsource Free Slots' page" library="navigation_steps" sourcename="I navigate to the ${website} page">
<kw name="Run Keyword If" library="BuiltIn">
<arg>${website}== 'Slotsource UK'</arg>
<arg>Go To Slotsource UK Website</arg>
<arg>ELSE IF</arg>
<arg>${website}== 'Slotsource Ireland'</arg>
<arg>Go To Slotsource Ireland Website</arg>
<arg>ELSE IF</arg>
<arg>${website}== 'Slotsource Free Slots'</arg>
<arg>Go To Slotsource Free Slots Page</arg>
<doc>Runs the given keyword with the given arguments, if ``condition`` is true.</doc>
<kw name="Go To Slotsource Free Slots Page" library="navigation_keywords">
<kw name="Go To" library="SeleniumLibrary">
<arg>http://www.slotsource.ie/free-slots</arg>
<doc>Navigates the current browser window to the provided ``url``.</doc>
<msg timestamp="20210814 15:27:25.289" level="INFO">Opening url 'http://www.slotsource.ie/free-slots'</msg>
<status status="PASS" starttime="20210814 15:27:25.289" endtime="20210814 15:27:34.405"/>
</kw>
<status status="PASS" starttime="20210814 15:27:25.289" endtime="20210814 15:27:34.405"/>
</kw>
<status status="PASS" starttime="20210814 15:27:25.289" endtime="20210814 15:27:34.405"/>
</kw>
<status status="PASS" starttime="20210814 15:27:25.289" endtime="20210814 15:27:34.406"/>
</kw>
<kw name="And I scroll to element 'Licensing Authorities and Testing Agencies'" library="action_steps" sourcename="I scroll to element ${element}">
<kw name="Scroll to element ${element}" library="action_keywords" sourcename="Scroll to element ${element}">
<kw name="Load Dictionary" library="site_locators">
<kw name="Create Dictionary" library="BuiltIn">
<var>${locatorDictionary}</var>
<arg>'Discover Icons'</arg>
<arg>${discover_icons}</arg>
<doc>Creates and returns a dictionary based on the given ``items``.</doc>
<msg timestamp="20210814 15:27:34.411" level="INFO">${locatorDictionary} = {"'Discover Icons'": 'xpath=//div[@class="col-md-10 col-md-offset-2"]'}</msg>
<status status="PASS" starttime="20210814 15:27:34.410" endtime="20210814 15:27:34.411"/>
</kw>
<kw name="Set Global Variable" library="BuiltIn">
<arg>${locatorDictionary}</arg>
<doc>Makes a variable available globally in all tests and suites.</doc>
<msg timestamp="20210814 15:27:34.412" level="INFO">${locatorDictionary} = {"'Discover Icons'": 'xpath=//div[@class="col-md-10 col-md-offset-2"]'}</msg>
<status status="PASS" starttime="20210814 15:27:34.411" endtime="20210814 15:27:34.412"/>
</kw>
<kw name="Set To Dictionary" library="Collections">
<arg>${locatorDictionary}</arg>
<arg>'Payment Method Icons'</arg>
<arg>${payment_icons}</arg>
<doc>Adds the given ``key_value_pairs`` and ``items`` to the ``dictionary``.</doc>
<status status="PASS" starttime="20210814 15:27:34.412" endtime="20210814 15:27:34.413"/>
</kw>
<kw name="Set To Dictionary" library="Collections">
<arg>${locatorDictionary}</arg>
<arg>'Licensing Authorities and Testing Agencies'</arg>
<arg>${authorities_agencies}</arg>
<doc>Adds the given ``key_value_pairs`` and ``items`` to the ``dictionary``.</doc>
<status status="PASS" starttime="20210814 15:27:34.413" endtime="20210814 15:27:34.414"/>
</kw>
<status status="PASS" starttime="20210814 15:27:34.409" endtime="20210814 15:27:34.414"/>
</kw>
<kw name="Get From Dictionary" library="Collections">
<var>${value}</var>
<arg>${locatorDictionary}</arg>
<arg>${element}</arg>
<doc>Returns a value from the given ``dictionary`` based on the given ``key``.</doc>
<msg timestamp="20210814 15:27:34.415" level="INFO">${value} = xpath=//h3[@class="menu-title"]</msg>
<status status="PASS" starttime="20210814 15:27:34.414" endtime="20210814 15:27:34.415"/>
</kw>
<kw name="Scroll Element Into View" library="SeleniumLibrary">
<arg>${value}</arg>
<doc>Scrolls the element identified by ``locator`` into view.</doc>
<status status="PASS" starttime="20210814 15:27:34.415" endtime="20210814 15:27:34.759"/>
</kw>
<status status="PASS" starttime="20210814 15:27:34.408" endtime="20210814 15:27:34.759"/>
</kw>
<status status="PASS" starttime="20210814 15:27:34.407" endtime="20210814 15:27:34.759"/>
</kw>
<kw name="Then The current screen matches the baseline version" library="assertion_steps">
<kw name="Assert Screenshots" library="assertion_keywords">
<kw name="Execute Javascript" library="SeleniumLibrary">
<arg>document.body.style.zoom="50%"</arg>
<doc>Executes the given JavaScript code with possible arguments.</doc>
<msg timestamp="20210814 15:27:34.759" level="INFO">Executing JavaScript:
document.body.style.zoom="50%"
Without any arguments.</msg>
<status status="PASS" starttime="20210814 15:27:34.759" endtime="20210814 15:27:35.037"/>
</kw>
<kw name="Open Eyes" library="RobotEyes">
<arg>lib=SeleniumLibrary</arg>
<arg>tolerance=5</arg>
<msg timestamp="20210814 15:27:35.045" level="INFO">roboteyestestfolder: User_is_able_to_compare_full_screens_of_Free_Slots_Licensing_Authorities_section</msg>
<status status="PASS" starttime="20210814 15:27:35.037" endtime="20210814 15:27:35.045"/>
</kw>
<kw name="Capture Full Screen" library="RobotEyes">
<status status="PASS" starttime="20210814 15:27:35.045" endtime="20210814 15:27:35.458"/>
</kw>
<kw name="Compare Images" library="RobotEyes">
<status status="PASS" starttime="20210814 15:27:35.458" endtime="20210814 15:27:35.474"/>
</kw>
<kw name="Close Browser" library="SeleniumLibrary">
<doc>Closes the current browser.</doc>
<status status="PASS" starttime="20210814 15:27:35.475" endtime="20210814 15:27:38.445"/>
</kw>
<status status="PASS" starttime="20210814 15:27:34.759" endtime="20210814 15:27:38.445"/>
</kw>
<status status="PASS" starttime="20210814 15:27:34.759" endtime="20210814 15:27:38.445"/>
</kw>
<kw name="And I close the browser" library="common">
<kw name="Close Browser" library="SeleniumLibrary">
<doc>Closes the current browser.</doc>
<status status="PASS" starttime="20210814 15:27:38.445" endtime="20210814 15:27:38.445"/>
</kw>
<kw name="Log" library="BuiltIn">
<arg>Test Complete</arg>
<doc>Logs the given message with the given level.</doc>
<msg timestamp="20210814 15:27:38.445" level="INFO">Test Complete</msg>
<status status="PASS" starttime="20210814 15:27:38.445" endtime="20210814 15:27:38.445"/>
</kw>
<status status="PASS" starttime="20210814 15:27:38.445" endtime="20210814 15:27:38.445"/>
</kw>
<tag>User is able to compare full screens of Free Slots Licensing Authorities section</tag>
<status status="PASS" starttime="20210814 15:27:22.442" endtime="20210814 15:27:38.445"/>
</test>
<test id="s1-s1-t3" name="User is able to compare screenshots of element SS Payment Icons">
<kw name="Given I open a browser" library="common">
<kw name="Open Browser" library="SeleniumLibrary">
<arg>about:blank</arg>
<arg>chrome</arg>
<doc>Opens a new browser instance to the optional ``url``.</doc>
<msg timestamp="20210814 15:27:38.445" level="INFO">Opening browser 'chrome' to base url 'about:blank'.</msg>
<status status="PASS" starttime="20210814 15:27:38.445" endtime="20210814 15:27:40.731"/>
</kw>
<kw name="Maximize Browser Window" library="SeleniumLibrary">
<doc>Maximizes current browser window.</doc>
<status status="PASS" starttime="20210814 15:27:40.731" endtime="20210814 15:27:40.924"/>
</kw>
<status status="PASS" starttime="20210814 15:27:38.445" endtime="20210814 15:27:40.924"/>
</kw>
<kw name="And I navigate to the 'Slotsource Ireland' page" library="navigation_steps" sourcename="I navigate to the ${website} page">
<kw name="Run Keyword If" library="BuiltIn">
<arg>${website}== 'Slotsource UK'</arg>
<arg>Go To Slotsource UK Website</arg>
<arg>ELSE IF</arg>
<arg>${website}== 'Slotsource Ireland'</arg>
<arg>Go To Slotsource Ireland Website</arg>
<arg>ELSE IF</arg>
<arg>${website}== 'Slotsource Free Slots'</arg>
<arg>Go To Slotsource Free Slots Page</arg>
<doc>Runs the given keyword with the given arguments, if ``condition`` is true.</doc>
<kw name="Go To Slotsource Ireland Website" library="navigation_keywords">
<kw name="Go To" library="SeleniumLibrary">
<arg>http://www.slotsource.ie</arg>
<doc>Navigates the current browser window to the provided ``url``.</doc>
<msg timestamp="20210814 15:27:40.924" level="INFO">Opening url 'http://www.slotsource.ie'</msg>
<status status="PASS" starttime="20210814 15:27:40.924" endtime="20210814 15:27:43.600"/>
</kw>
<status status="PASS" starttime="20210814 15:27:40.924" endtime="20210814 15:27:43.600"/>
</kw>
<status status="PASS" starttime="20210814 15:27:40.924" endtime="20210814 15:27:43.601"/>
</kw>
<status status="PASS" starttime="20210814 15:27:40.924" endtime="20210814 15:27:43.601"/>
</kw>
<kw name="And I scroll to element 'Payment Method Icons'" library="action_steps" sourcename="I scroll to element ${element}">
<kw name="Scroll to element ${element}" library="action_keywords" sourcename="Scroll to element ${element}">
<kw name="Load Dictionary" library="site_locators">
<kw name="Create Dictionary" library="BuiltIn">
<var>${locatorDictionary}</var>
<arg>'Discover Icons'</arg>
<arg>${discover_icons}</arg>
<doc>Creates and returns a dictionary based on the given ``items``.</doc>
<msg timestamp="20210814 15:27:43.612" level="INFO">${locatorDictionary} = {"'Discover Icons'": 'xpath=//div[@class="col-md-10 col-md-offset-2"]'}</msg>
<status status="PASS" starttime="20210814 15:27:43.611" endtime="20210814 15:27:43.612"/>
</kw>
<kw name="Set Global Variable" library="BuiltIn">
<arg>${locatorDictionary}</arg>
<doc>Makes a variable available globally in all tests and suites.</doc>
<msg timestamp="20210814 15:27:43.614" level="INFO">${locatorDictionary} = {"'Discover Icons'": 'xpath=//div[@class="col-md-10 col-md-offset-2"]'}</msg>
<status status="PASS" starttime="20210814 15:27:43.612" endtime="20210814 15:27:43.614"/>
</kw>
<kw name="Set To Dictionary" library="Collections">
<arg>${locatorDictionary}</arg>
<arg>'Payment Method Icons'</arg>
<arg>${payment_icons}</arg>
<doc>Adds the given ``key_value_pairs`` and ``items`` to the ``dictionary``.</doc>
<status status="PASS" starttime="20210814 15:27:43.614" endtime="20210814 15:27:43.615"/>
</kw>
<kw name="Set To Dictionary" library="Collections">
<arg>${locatorDictionary}</arg>
<arg>'Licensing Authorities and Testing Agencies'</arg>
<arg>${authorities_agencies}</arg>
<doc>Adds the given ``key_value_pairs`` and ``items`` to the ``dictionary``.</doc>
<status status="PASS" starttime="20210814 15:27:43.615" endtime="20210814 15:27:43.616"/>
</kw>
<status status="PASS" starttime="20210814 15:27:43.611" endtime="20210814 15:27:43.616"/>
</kw>
<kw name="Get From Dictionary" library="Collections">
<var>${value}</var>
<arg>${locatorDictionary}</arg>
<arg>${element}</arg>
<doc>Returns a value from the given ``dictionary`` based on the given ``key``.</doc>
<msg timestamp="20210814 15:27:43.617" level="INFO">${value} = xpath=//div[@class="ss-slot-operators-container ss-slot-operators-container--padding-top ss-slot-operators-container--padding-bottom"]</msg>
<status status="PASS" starttime="20210814 15:27:43.616" endtime="20210814 15:27:43.617"/>
</kw>
<kw name="Scroll Element Into View" library="SeleniumLibrary">
<arg>${value}</arg>
<doc>Scrolls the element identified by ``locator`` into view.</doc>
<status status="PASS" starttime="20210814 15:27:43.617" endtime="20210814 15:27:44.079"/>
</kw>
<status status="PASS" starttime="20210814 15:27:43.610" endtime="20210814 15:27:44.080"/>
</kw>
<status status="PASS" starttime="20210814 15:27:43.609" endtime="20210814 15:27:44.080"/>
</kw>
<kw name="Then The element 'Payment Method Icons' matches the baseline version" library="assertion_steps" sourcename="The element ${element} matches the baseline version">
<kw name="Assert Screenshot Element ${element}" library="assertion_keywords" sourcename="Assert Screenshot Element ${element}">
<kw name="Load Dictionary" library="site_locators">
<kw name="Create Dictionary" library="BuiltIn">
<var>${locatorDictionary}</var>
<arg>'Discover Icons'</arg>
<arg>${discover_icons}</arg>
<doc>Creates and returns a dictionary based on the given ``items``.</doc>
<msg timestamp="20210814 15:27:44.083" level="INFO">${locatorDictionary} = {"'Discover Icons'": 'xpath=//div[@class="col-md-10 col-md-offset-2"]'}</msg>
<status status="PASS" starttime="20210814 15:27:44.083" endtime="20210814 15:27:44.083"/>
</kw>
<kw name="Set Global Variable" library="BuiltIn">
<arg>${locatorDictionary}</arg>
<doc>Makes a variable available globally in all tests and suites.</doc>
<msg timestamp="20210814 15:27:44.084" level="INFO">${locatorDictionary} = {"'Discover Icons'": 'xpath=//div[@class="col-md-10 col-md-offset-2"]'}</msg>
<status status="PASS" starttime="20210814 15:27:44.084" endtime="20210814 15:27:44.085"/>
</kw>
<kw name="Set To Dictionary" library="Collections">
<arg>${locatorDictionary}</arg>
<arg>'Payment Method Icons'</arg>
<arg>${payment_icons}</arg>
<doc>Adds the given ``key_value_pairs`` and ``items`` to the ``dictionary``.</doc>
<status status="PASS" starttime="20210814 15:27:44.085" endtime="20210814 15:27:44.085"/>
</kw>
<kw name="Set To Dictionary" library="Collections">
<arg>${locatorDictionary}</arg>
<arg>'Licensing Authorities and Testing Agencies'</arg>
<arg>${authorities_agencies}</arg>
<doc>Adds the given ``key_value_pairs`` and ``items`` to the ``dictionary``.</doc>
<status status="PASS" starttime="20210814 15:27:44.086" endtime="20210814 15:27:44.086"/>
</kw>
<status status="PASS" starttime="20210814 15:27:44.083" endtime="20210814 15:27:44.088"/>
</kw>
<kw name="Get From Dictionary" library="Collections">
<var>${value}</var>
<arg>${locatorDictionary}</arg>
<arg>${element}</arg>
<doc>Returns a value from the given ``dictionary`` based on the given ``key``.</doc>
<msg timestamp="20210814 15:27:44.088" level="INFO">${value} = xpath=//div[@class="ss-slot-operators-container ss-slot-operators-container--padding-top ss-slot-operators-container--padding-bottom"]</msg>
<status status="PASS" starttime="20210814 15:27:44.088" endtime="20210814 15:27:44.088"/>
</kw>
<kw name="Open Eyes" library="RobotEyes">
<arg>lib=SeleniumLibrary</arg>
<arg>tolerance=5</arg>
<msg timestamp="20210814 15:27:44.094" level="INFO">roboteyestestfolder: User_is_able_to_compare_screenshots_of_element_SS_Payment_Icons</msg>
<status status="PASS" starttime="20210814 15:27:44.088" endtime="20210814 15:27:44.094"/>
</kw>
<kw name="Capture Element" library="RobotEyes">
<arg>${value}</arg>
<status status="PASS" starttime="20210814 15:27:44.094" endtime="20210814 15:27:45.382"/>
</kw>
<kw name="Compare Images" library="RobotEyes">
<status status="PASS" starttime="20210814 15:27:45.382" endtime="20210814 15:27:45.397"/>
</kw>
<kw name="Close Browser" library="SeleniumLibrary">
<doc>Closes the current browser.</doc>
<status status="PASS" starttime="20210814 15:27:45.397" endtime="20210814 15:27:47.911"/>
</kw>
<status status="PASS" starttime="20210814 15:27:44.081" endtime="20210814 15:27:47.911"/>
</kw>
<status status="PASS" starttime="20210814 15:27:44.081" endtime="20210814 15:27:47.911"/>
</kw>
<kw name="And I close the browser" library="common">
<kw name="Close Browser" library="SeleniumLibrary">
<doc>Closes the current browser.</doc>
<status status="PASS" starttime="20210814 15:27:47.911" endtime="20210814 15:27:47.911"/>
</kw>
<kw name="Log" library="BuiltIn">
<arg>Test Complete</arg>
<doc>Logs the given message with the given level.</doc>
<msg timestamp="20210814 15:27:47.911" level="INFO">Test Complete</msg>
<status status="PASS" starttime="20210814 15:27:47.911" endtime="20210814 15:27:47.911"/>
</kw>
<status status="PASS" starttime="20210814 15:27:47.911" endtime="20210814 15:27:47.911"/>
</kw>
<tag>User is able to compare screenshots of element SS Payment Icons</tag>
<status status="PASS" starttime="20210814 15:27:38.445" endtime="20210814 15:27:47.911"/>
</test>
<test id="s1-s1-t4" name="User is able to compare screenshots of element SS Discover Icons">
<kw name="Given I open a browser" library="common">
<kw name="Open Browser" library="SeleniumLibrary">
<arg>about:blank</arg>
<arg>chrome</arg>
<doc>Opens a new browser instance to the optional ``url``.</doc>
<msg timestamp="20210814 15:27:47.911" level="INFO">Opening browser 'chrome' to base url 'about:blank'.</msg>
<status status="PASS" starttime="20210814 15:27:47.911" endtime="20210814 15:27:49.870"/>
</kw>
<kw name="Maximize Browser Window" library="SeleniumLibrary">
<doc>Maximizes current browser window.</doc>
<status status="PASS" starttime="20210814 15:27:49.871" endtime="20210814 15:27:50.102"/>
</kw>
<status status="PASS" starttime="20210814 15:27:47.911" endtime="20210814 15:27:50.102"/>
</kw>
<kw name="And I navigate to the 'Slotsource Ireland' page" library="navigation_steps" sourcename="I navigate to the ${website} page">
<kw name="Run Keyword If" library="BuiltIn">
<arg>${website}== 'Slotsource UK'</arg>
<arg>Go To Slotsource UK Website</arg>
<arg>ELSE IF</arg>
<arg>${website}== 'Slotsource Ireland'</arg>
<arg>Go To Slotsource Ireland Website</arg>
<arg>ELSE IF</arg>
<arg>${website}== 'Slotsource Free Slots'</arg>
<arg>Go To Slotsource Free Slots Page</arg>
<doc>Runs the given keyword with the given arguments, if ``condition`` is true.</doc>
<kw name="Go To Slotsource Ireland Website" library="navigation_keywords">
<kw name="Go To" library="SeleniumLibrary">
<arg>http://www.slotsource.ie</arg>
<doc>Navigates the current browser window to the provided ``url``.</doc>
<msg timestamp="20210814 15:27:50.102" level="INFO">Opening url 'http://www.slotsource.ie'</msg>
<status status="PASS" starttime="20210814 15:27:50.102" endtime="20210814 15:27:52.926"/>
</kw>
<status status="PASS" starttime="20210814 15:27:50.102" endtime="20210814 15:27:52.926"/>
</kw>
<status status="PASS" starttime="20210814 15:27:50.102" endtime="20210814 15:27:52.926"/>
</kw>
<status status="PASS" starttime="20210814 15:27:50.102" endtime="20210814 15:27:52.927"/>
</kw>
<kw name="And I scroll to element 'Discover Icons'" library="action_steps" sourcename="I scroll to element ${element}">
<kw name="Scroll to element ${element}" library="action_keywords" sourcename="Scroll to element ${element}">
<kw name="Load Dictionary" library="site_locators">
<kw name="Create Dictionary" library="BuiltIn">
<var>${locatorDictionary}</var>
<arg>'Discover Icons'</arg>
<arg>${discover_icons}</arg>
<doc>Creates and returns a dictionary based on the given ``items``.</doc>
<msg timestamp="20210814 15:27:52.933" level="INFO">${locatorDictionary} = {"'Discover Icons'": 'xpath=//div[@class="col-md-10 col-md-offset-2"]'}</msg>
<status status="PASS" starttime="20210814 15:27:52.932" endtime="20210814 15:27:52.933"/>
</kw>
<kw name="Set Global Variable" library="BuiltIn">
<arg>${locatorDictionary}</arg>
<doc>Makes a variable available globally in all tests and suites.</doc>
<msg timestamp="20210814 15:27:52.934" level="INFO">${locatorDictionary} = {"'Discover Icons'": 'xpath=//div[@class="col-md-10 col-md-offset-2"]'}</msg>
<status status="PASS" starttime="20210814 15:27:52.933" endtime="20210814 15:27:52.935"/>
</kw>
<kw name="Set To Dictionary" library="Collections">
<arg>${locatorDictionary}</arg>
<arg>'Payment Method Icons'</arg>
<arg>${payment_icons}</arg>
<doc>Adds the given ``key_value_pairs`` and ``items`` to the ``dictionary``.</doc>
<status status="PASS" starttime="20210814 15:27:52.935" endtime="20210814 15:27:52.936"/>
</kw>
<kw name="Set To Dictionary" library="Collections">
<arg>${locatorDictionary}</arg>
<arg>'Licensing Authorities and Testing Agencies'</arg>
<arg>${authorities_agencies}</arg>
<doc>Adds the given ``key_value_pairs`` and ``items`` to the ``dictionary``.</doc>
<status status="PASS" starttime="20210814 15:27:52.936" endtime="20210814 15:27:52.937"/>
</kw>
<status status="PASS" starttime="20210814 15:27:52.932" endtime="20210814 15:27:52.937"/>
</kw>
<kw name="Get From Dictionary" library="Collections">
<var>${value}</var>
<arg>${locatorDictionary}</arg>
<arg>${element}</arg>
<doc>Returns a value from the given ``dictionary`` based on the given ``key``.</doc>
<msg timestamp="20210814 15:27:52.938" level="INFO">${value} = xpath=//div[@class="col-md-10 col-md-offset-2"]</msg>
<status status="PASS" starttime="20210814 15:27:52.938" endtime="20210814 15:27:52.938"/>
</kw>
<kw name="Scroll Element Into View" library="SeleniumLibrary">
<arg>${value}</arg>
<doc>Scrolls the element identified by ``locator`` into view.</doc>
<status status="PASS" starttime="20210814 15:27:52.939" endtime="20210814 15:27:53.373"/>
</kw>
<status status="PASS" starttime="20210814 15:27:52.931" endtime="20210814 15:27:53.373"/>
</kw>
<status status="PASS" starttime="20210814 15:27:52.930" endtime="20210814 15:27:53.373"/>
</kw>
<kw name="Then The element 'Discover Icons' matches the baseline version" library="assertion_steps" sourcename="The element ${element} matches the baseline version">
<kw name="Assert Screenshot Element ${element}" library="assertion_keywords" sourcename="Assert Screenshot Element ${element}">
<kw name="Load Dictionary" library="site_locators">
<kw name="Create Dictionary" library="BuiltIn">
<var>${locatorDictionary}</var>
<arg>'Discover Icons'</arg>
<arg>${discover_icons}</arg>
<doc>Creates and returns a dictionary based on the given ``items``.</doc>
<msg timestamp="20210814 15:27:53.373" level="INFO">${locatorDictionary} = {"'Discover Icons'": 'xpath=//div[@class="col-md-10 col-md-offset-2"]'}</msg>
<status status="PASS" starttime="20210814 15:27:53.373" endtime="20210814 15:27:53.373"/>
</kw>
<kw name="Set Global Variable" library="BuiltIn">
<arg>${locatorDictionary}</arg>
<doc>Makes a variable available globally in all tests and suites.</doc>
<msg timestamp="20210814 15:27:53.373" level="INFO">${locatorDictionary} = {"'Discover Icons'": 'xpath=//div[@class="col-md-10 col-md-offset-2"]'}</msg>
<status status="PASS" starttime="20210814 15:27:53.373" endtime="20210814 15:27:53.373"/>
</kw>
<kw name="Set To Dictionary" library="Collections">
<arg>${locatorDictionary}</arg>
<arg>'Payment Method Icons'</arg>
<arg>${payment_icons}</arg>
<doc>Adds the given ``key_value_pairs`` and ``items`` to the ``dictionary``.</doc>
<status status="PASS" starttime="20210814 15:27:53.373" endtime="20210814 15:27:53.373"/>
</kw>
<kw name="Set To Dictionary" library="Collections">
<arg>${locatorDictionary}</arg>
<arg>'Licensing Authorities and Testing Agencies'</arg>
<arg>${authorities_agencies}</arg>
<doc>Adds the given ``key_value_pairs`` and ``items`` to the ``dictionary``.</doc>
<status status="PASS" starttime="20210814 15:27:53.373" endtime="20210814 15:27:53.373"/>
</kw>
<status status="PASS" starttime="20210814 15:27:53.373" endtime="20210814 15:27:53.373"/>
</kw>
<kw name="Get From Dictionary" library="Collections">
<var>${value}</var>
<arg>${locatorDictionary}</arg>
<arg>${element}</arg>
<doc>Returns a value from the given ``dictionary`` based on the given ``key``.</doc>
<msg timestamp="20210814 15:27:53.373" level="INFO">${value} = xpath=//div[@class="col-md-10 col-md-offset-2"]</msg>
<status status="PASS" starttime="20210814 15:27:53.373" endtime="20210814 15:27:53.373"/>
</kw>
<kw name="Open Eyes" library="RobotEyes">
<arg>lib=SeleniumLibrary</arg>
<arg>tolerance=5</arg>
<msg timestamp="20210814 15:27:53.373" level="INFO">roboteyestestfolder: User_is_able_to_compare_screenshots_of_element_SS_Discover_Icons</msg>
<status status="PASS" starttime="20210814 15:27:53.373" endtime="20210814 15:27:53.373"/>
</kw>
<kw name="Capture Element" library="RobotEyes">
<arg>${value}</arg>
<status status="PASS" starttime="20210814 15:27:53.373" endtime="20210814 15:27:54.645"/>
</kw>
<kw name="Compare Images" library="RobotEyes">
<status status="PASS" starttime="20210814 15:27:54.645" endtime="20210814 15:27:54.662"/>
</kw>
<kw name="Close Browser" library="SeleniumLibrary">
<doc>Closes the current browser.</doc>
<status status="PASS" starttime="20210814 15:27:54.662" endtime="20210814 15:27:57.026"/>
</kw>
<status status="PASS" starttime="20210814 15:27:53.373" endtime="20210814 15:27:57.026"/>
</kw>
<status status="PASS" starttime="20210814 15:27:53.373" endtime="20210814 15:27:57.026"/>
</kw>
<kw name="And I close the browser" library="common">
<kw name="Close Browser" library="SeleniumLibrary">
<doc>Closes the current browser.</doc>
<status status="PASS" starttime="20210814 15:27:57.026" endtime="20210814 15:27:57.026"/>
</kw>
<kw name="Log" library="BuiltIn">
<arg>Test Complete</arg>
<doc>Logs the given message with the given level.</doc>
<msg timestamp="20210814 15:27:57.026" level="INFO">Test Complete</msg>
<status status="PASS" starttime="20210814 15:27:57.026" endtime="20210814 15:27:57.026"/>
</kw>
<status status="PASS" starttime="20210814 15:27:57.026" endtime="20210814 15:27:57.026"/>
</kw>
<tag>User is able to compare screenshots of element SS Discover Icons</tag>
<status status="PASS" starttime="20210814 15:27:47.911" endtime="20210814 15:27:57.026"/>
</test>
<doc>Practice a basic test</doc>
<status status="PASS" starttime="20210814 15:27:04.513" endtime="20210814 15:27:57.026"/>
</suite>
<status status="PASS" starttime="20210814 15:27:04.466" endtime="20210814 15:27:57.026"/>
</suite>
<statistics>
<total>
<stat pass="4" fail="0" skip="0">All Tests</stat>
</total>
<tag>
<stat pass="1" fail="0" skip="0">User is able to compare full screen screenshots of current screen to the baseline version</stat>
<stat pass="1" fail="0" skip="0">User is able to compare full screens of Free Slots Licensing Authorities section</stat>
<stat pass="1" fail="0" skip="0">User is able to compare screenshots of element SS Discover Icons</stat>
<stat pass="1" fail="0" skip="0">User is able to compare screenshots of element SS Payment Icons</stat>
</tag>
<suite>
<stat pass="4" fail="0" skip="0" id="s1" name="UICompare">UICompare</stat>
<stat pass="4" fail="0" skip="0" id="s1-s1" name="ScreenCompare">UICompare.ScreenCompare</stat>
</suite>
</statistics>
<errors>
</errors>
</robot>
